[15:33:17] [Render thread/INFO]: Environment: authHost='https://authserver.mojang.com', accountsHost='https://api.mojang.com', sessionHost='https://sessionserver.mojang.com', name='PROD'
[15:33:17] [Render thread/INFO]: Setting user: 阿拉拉拉君
[15:33:19] [Render thread/INFO]: Backend library: LWJGL version 3.2.1 build 12
[15:33:20] [Render thread/INFO]: Reloading ResourceManager: Default
[15:33:23] [Realms Notification Availability checker #1/INFO]: Could not authorize you against Realms server: Invalid session id
[15:33:29] [Render thread/INFO]: OpenAL initialized.
[15:33:29] [Render thread/INFO]: Sound engine started
[15:33:29] [Render thread/INFO]: Created: 1024x1024x4 minecraft:textures/atlas/blocks.png-atlas
[15:33:29] [Render thread/INFO]: Created: 256x128x4 minecraft:textures/atlas/signs.png-atlas
[15:33:29] [Render thread/INFO]: Created: 1024x512x4 minecraft:textures/atlas/banner_patterns.png-atlas
[15:33:30] [Render thread/INFO]: Created: 1024x512x4 minecraft:textures/atlas/shield_patterns.png-atlas
[15:33:30] [Render thread/INFO]: Created: 256x256x4 minecraft:textures/atlas/chest.png-atlas
[15:33:30] [Render thread/INFO]: Created: 512x256x4 minecraft:textures/atlas/beds.png-atlas
[15:33:30] [Render thread/INFO]: Created: 512x256x4 minecraft:textures/atlas/shulker_boxes.png-atlas
[15:33:30] [Render thread/INFO]: Created: 256x256x0 minecraft:textures/atlas/particles.png-atlas
[15:33:30] [Render thread/INFO]: Created: 256x256x0 minecraft:textures/atlas/paintings.png-atlas
[15:33:30] [Render thread/INFO]: Created: 256x128x0 minecraft:textures/atlas/mob_effects.png-atlas
[15:38:07] [Render thread/INFO]: Environment: authHost='https://authserver.mojang.com', accountsHost='https://api.mojang.com', sessionHost='https://sessionserver.mojang.com', name='PROD'
[15:38:07] [Render thread/WARN]: Ambiguity between arguments [teleport, destination] and [teleport, targets] with inputs: [Player, 0123, @e, dd12be42-52a9-4a91-a8a1-11c01849e498]
[15:38:07] [Render thread/WARN]: Ambiguity between arguments [teleport, location] and [teleport, destination] with inputs: [0.1 -0.5 .9, 0 0 0]
[15:38:07] [Render thread/WARN]: Ambiguity between arguments [teleport, location] and [teleport, targets] with inputs: [0.1 -0.5 .9, 0 0 0]
[15:38:08] [Render thread/WARN]: Ambiguity between arguments [teleport, targets] and [teleport, destination] with inputs: [Player, 0123, dd12be42-52a9-4a91-a8a1-11c01849e498]
[15:38:08] [Render thread/WARN]: Ambiguity between arguments [teleport, targets, location] and [teleport, targets, destination] with inputs: [0.1 -0.5 .9, 0 0 0]
[15:38:08] [Server thread/INFO]: Starting integrated minecraft server version 20w18a
[15:38:08] [Server thread/INFO]: Generating keypair
[15:38:08] [Server thread/INFO]: Reloading ResourceManager: Default
[15:38:08] [Server thread/INFO]: Loaded 6 recipes
[15:38:08] [Server thread/INFO]: Loaded 908 advancements
[15:38:08] [Server thread/INFO]: Preparing start region for dimension minecraft:overworld
[15:38:09] [Render thread/INFO]: 准备生成区域中：0%
[15:38:09] [Render thread/INFO]: 准备生成区域中：0%
[15:38:09] [Render thread/INFO]: Time elapsed: 876 ms
[15:38:10] [Server thread/INFO]: Changing view distance to 11, from 10
[15:38:16] [Server thread/INFO]: 阿拉拉拉君[local:E:e89c4256] logged in with entity id 170 at (214.06560670226403, 13.0, -155.69999998807907)
[15:38:16] [Server thread/INFO]: 阿拉拉拉君加入了游戏
[15:38:16] [Server thread/INFO]: Saving and pausing game...
[15:38:16] [Server thread/INFO]: Saving chunks for level 'ServerLevel[1.6生存]'/minecraft:the_nether
[15:38:16] [Server thread/INFO]: Saving chunks for level 'ServerLevel[1.6生存]'/minecraft:the_end
[15:38:16] [Server thread/INFO]: Saving chunks for level 'ServerLevel[1.6生存]'/minecraft:overworld
[15:38:17] [Render thread/WARN]: Received passengers for unknown entity
[15:38:17] [Render thread/WARN]: Received passengers for unknown entity
[15:38:17] [Render thread/INFO]: Loaded 327 advancements
[15:46:10] [Server thread/INFO]: Saving and pausing game...
[15:46:10] [Server thread/INFO]: Saving chunks for level 'ServerLevel[1.6生存]'/minecraft:the_nether
[15:46:10] [Server thread/INFO]: Saving chunks for level 'ServerLevel[1.6生存]'/minecraft:the_end
[15:46:10] [Server thread/INFO]: Saving chunks for level 'ServerLevel[1.6生存]'/minecraft:overworld
[15:50:49] [Render thread/WARN]: Received passengers for unknown entity
[16:04:18] [Server thread/INFO]: Saving and pausing game...
[16:04:18] [Server thread/INFO]: Saving chunks for level 'ServerLevel[1.6生存]'/minecraft:the_nether
[16:04:18] [Server thread/INFO]: Saving chunks for level 'ServerLevel[1.6生存]'/minecraft:the_end
[16:04:18] [Server thread/INFO]: Saving chunks for level 'ServerLevel[1.6生存]'/minecraft:overworld
[16:10:01] [Render thread/INFO]: Loaded 335 advancements
[16:13:07] [Render thread/INFO]: Loaded 342 advancements
[16:18:49] [Server thread/INFO]: Saving and pausing game...
[16:18:49] [Server thread/INFO]: Saving chunks for level 'ServerLevel[1.6生存]'/minecraft:the_nether
[16:18:49] [Server thread/INFO]: Saving chunks for level 'ServerLevel[1.6生存]'/minecraft:the_end
[16:18:49] [Server thread/INFO]: Saving chunks for level 'ServerLevel[1.6生存]'/minecraft:overworld
[16:26:45] [Server thread/INFO]: Saving and pausing game...
[16:26:45] [Server thread/INFO]: Saving chunks for level 'ServerLevel[1.6生存]'/minecraft:the_nether
[16:26:45] [Server thread/INFO]: Saving chunks for level 'ServerLevel[1.6生存]'/minecraft:the_end
[16:26:45] [Server thread/INFO]: Saving chunks for level 'ServerLevel[1.6生存]'/minecraft:overworld
[16:31:02] [Render thread/WARN]: Received passengers for unknown entity
[16:37:32] [Render thread/WARN]: Unable to play empty soundEvent: minecraft:entity.cod.ambient
[16:47:16] [Server thread/INFO]: Saving and pausing game...
[16:47:16] [Server thread/INFO]: Saving chunks for level 'ServerLevel[1.6生存]'/minecraft:the_nether
[16:47:16] [Server thread/INFO]: Saving chunks for level 'ServerLevel[1.6生存]'/minecraft:the_end
[16:47:16] [Server thread/INFO]: Saving chunks for level 'ServerLevel[1.6生存]'/minecraft:overworld
[16:49:10] [Render thread/WARN]: Received passengers for unknown entity
[17:03:11] [Server thread/INFO]: Saving and pausing game...
[17:03:11] [Server thread/INFO]: Saving chunks for level 'ServerLevel[1.6生存]'/minecraft:the_nether
[17:03:11] [Server thread/INFO]: Saving chunks for level 'ServerLevel[1.6生存]'/minecraft:the_end
[17:03:11] [Server thread/INFO]: Saving chunks for level 'ServerLevel[1.6生存]'/minecraft:overworld
[17:10:58] [Render thread/WARN]: Received passengers for unknown entity
[17:17:52] [Render thread/INFO]: Loaded 344 advancements
[17:19:18] [Server thread/INFO]: Saving and pausing game...
[17:19:18] [Server thread/INFO]: Saving chunks for level 'ServerLevel[1.6生存]'/minecraft:the_nether
[17:19:18] [Server thread/INFO]: Saving chunks for level 'ServerLevel[1.6生存]'/minecraft:the_end
[17:19:18] [Server thread/INFO]: Saving chunks for level 'ServerLevel[1.6生存]'/minecraft:overworld
[17:25:08] [Render thread/WARN]: Received passengers for unknown entity
[17:32:22] [Render thread/INFO]: Loaded 347 advancements
[17:32:22] [Render thread/INFO]: Loaded 353 advancements
[17:38:04] [Render thread/WARN]: Unable to play empty soundEvent: minecraft:entity.salmon.ambient
[17:39:28] [Render thread/WARN]: Received passengers for unknown entity
[17:39:37] [Server thread/INFO]: Saving and pausing game...
[17:39:37] [Server thread/INFO]: Saving chunks for level 'ServerLevel[1.6生存]'/minecraft:the_nether
[17:39:37] [Server thread/INFO]: Saving chunks for level 'ServerLevel[1.6生存]'/minecraft:the_end
[17:39:37] [Server thread/INFO]: Saving chunks for level 'ServerLevel[1.6生存]'/minecraft:overworld
[17:50:14] [Render thread/INFO]: Loaded 355 advancements
[17:53:17] [Server thread/INFO]: Saving and pausing game...
[17:53:17] [Server thread/INFO]: Saving chunks for level 'ServerLevel[1.6生存]'/minecraft:the_nether
[17:53:17] [Server thread/INFO]: Saving chunks for level 'ServerLevel[1.6生存]'/minecraft:the_end
[17:53:17] [Server thread/INFO]: Saving chunks for level 'ServerLevel[1.6生存]'/minecraft:overworld
[18:14:57] [Render thread/WARN]: Received passengers for unknown entity
[18:23:28] [Server thread/INFO]: Saving and pausing game...
[18:23:28] [Server thread/INFO]: Saving chunks for level 'ServerLevel[1.6生存]'/minecraft:the_nether
[18:23:28] [Server thread/INFO]: Saving chunks for level 'ServerLevel[1.6生存]'/minecraft:the_end
[18:23:28] [Server thread/INFO]: Saving chunks for level 'ServerLevel[1.6生存]'/minecraft:overworld
[18:23:28] [Server thread/INFO]: 阿拉拉拉君 lost connection: 连接中止
[18:23:28] [Server thread/INFO]: 阿拉拉拉君退出了游戏
[18:23:28] [Server thread/INFO]: Stopping singleplayer server as player logged out
[18:23:28] [Server thread/INFO]: Stopping server
[18:23:28] [Server thread/INFO]: Saving players
[18:23:28] [Server thread/INFO]: Saving worlds
[18:23:28] [Server thread/INFO]: Saving chunks for level 'ServerLevel[1.6生存]'/minecraft:the_nether
[18:23:28] [Server thread/INFO]: ThreadedAnvilChunkStorage (DIM-1): All chunks are saved
[18:23:28] [Server thread/INFO]: Saving chunks for level 'ServerLevel[1.6生存]'/minecraft:the_end
[18:23:28] [Server thread/INFO]: ThreadedAnvilChunkStorage (DIM1): All chunks are saved
[18:23:28] [Server thread/INFO]: Saving chunks for level 'ServerLevel[1.6生存]'/minecraft:overworld
[18:23:29] [Server thread/INFO]: ThreadedAnvilChunkStorage (1_6生存): All chunks are saved
[18:23:29] [Server thread/INFO]: ThreadedAnvilChunkStorage (DIM-1): All chunks are saved
[18:23:29] [Server thread/INFO]: ThreadedAnvilChunkStorage (DIM1): All chunks are saved
[18:23:29] [Server thread/INFO]: ThreadedAnvilChunkStorage (1_6生存): All chunks are saved
[18:23:30] [Render thread/INFO]: Stopping!
